<?xml version="1.0" encoding="UTF-8"?>
<testng-results ignored="0" total="2" passed="2" failed="0" skipped="0">
  <reporter-output>
  </reporter-output>
  <suite started-at="2020-05-15T11:51:04 EEST" name="Suite" finished-at="2020-05-15T11:51:05 EEST" duration-ms="39">
    <groups>
    </groups>
    <test started-at="2020-05-15T11:51:04 EEST" name="Test" finished-at="2020-05-15T11:51:05 EEST" duration-ms="39">
      <class name="qaclickacademy.AppiumTest">
        <test-method signature="IOSApps()[pri:0, instance:qaclickacademy.AppiumTest@3ec300f1]" started-at="2020-05-15T11:51:05 EEST" name="IOSApps" finished-at="2020-05-15T11:51:05 EEST" duration-ms="3" status="PASS">
          <reporter-output>
          </reporter-output>
        </test-method> <!-- IOSApps -->
        <test-method signature="NativeAppAndroid()[pri:0, instance:qaclickacademy.AppiumTest@3ec300f1]" started-at="2020-05-15T11:51:05 EEST" name="NativeAppAndroid" finished-at="2020-05-15T11:51:05 EEST" duration-ms="1" status="PASS">
          <reporter-output>
          </reporter-output>
        </test-method> <!-- NativeAppAndroid -->
      </class> <!-- qaclickacademy.AppiumTest -->
    </test> <!-- Test -->
  </suite> <!-- Suite -->
</testng-results>
